<?xml version="1.0" encoding="UTF-8"?>
<!-- Generated by org.testng.reporters.JUnitXMLReporter -->
<testsuite hostname="Sirishas-MacBook-Air.local" ignored="1" name="Regression_RegisterUserPage_Test" tests="2" failures="0" timestamp="11 Jun 2019 18:40:09 GMT" time="23.669" errors="0">
  <testcase name="verifyLogoTest" time="0.216" classname="com.qa.appyParking.tests.RegisterUserPageTest"/>
  <testcase name="doRegisterCustomerTest" time="18.595" classname="com.qa.appyParking.tests.RegisterUserPageTest"/>
  <testcase name="alreadyRegisteredClickTest" time="0.0" classname="com.qa.appyParking.tests.RegisterUserPageTest">
    <ignored/>
  </testcase> <!-- alreadyRegisteredClickTest -->
</testsuite> <!-- Regression_RegisterUserPage_Test -->
