<?xml version="1.0" encoding="UTF-8"?>
<!-- Generated by org.testng.reporters.JUnitXMLReporter -->
<testsuite hostname="Sirishas-MacBook-Air.local" ignored="0" name="E2E_AlreadyRegistered_User_Test" tests="3" failures="1" timestamp="11 Jun 2019 17:51:48 GMT" time="67.349" errors="0">
  <testcase name="searchLocationTest" time="10.55" classname="com.qa.appyParking.tests.HomePageTest"/>
  <testcase name="viewParkingRulesTest" time="2.637" classname="com.qa.appyParking.tests.HomePageTest"/>
  <testcase name="selectCheapCarPark" time="29.48" classname="com.qa.appyParking.tests.HomePageTest">
    <failure type="org.openqa.selenium.NoSuchElementException" message="An element could not be located on the page using the given search parameters.
For documentation on this error, please visit: https://www.seleniumhq.org/exceptions/no_such_element.html
Build info: version: &amp;apos;3.141.59&amp;apos;, revision: &amp;apos;e82be7d358&amp;apos;, time: &amp;apos;2018-11-14T08:17:03&amp;apos;
System info: host: &amp;apos;Sirishas-MacBook-Air.local&amp;apos;, ip: &amp;apos;fe80:0:0:0:c07:9c:6a92:2687%en0&amp;apos;, os.name: &amp;apos;Mac OS X&amp;apos;, os.arch: &amp;apos;x86_64&amp;apos;, os.version: &amp;apos;10.14.5&amp;apos;, java.version: &amp;apos;1.8.0_211&amp;apos;
Driver info: io.appium.java_client.android.AndroidDriver
Capabilities {appActivity: com.yellowlineparking.appyp..., appPackage: com.yellowlineparking.appyp..., autoAcceptAlerts: true, autoDismissAlerts: true, databaseEnabled: false, desired: {appActivity: com.yellowlineparking.appyp..., appPackage: com.yellowlineparking.appyp..., autoAcceptAlerts: true, autoDismissAlerts: true, deviceName: OnePlus 5T, platformName: android, platformVersion: 9, udid: b8941cc4}, deviceManufacturer: OnePlus, deviceModel: ONEPLUS A5010, deviceName: b8941cc4, deviceScreenSize: 1080x2160, deviceUDID: b8941cc4, javascriptEnabled: true, locationContextEnabled: false, networkConnectionEnabled: true, platform: LINUX, platformName: Android, platformVersion: 9, takesScreenshot: true, udid: b8941cc4, warnings: {}, webStorageEnabled: false}
Session ID: f9385085-c6a8-41a8-80cf-97668028401a
*** Element info: {Using=id, value=com.yellowlineparking.appyparking:id/reg_no_et}">
      <![CDATA[org.openqa.selenium.NoSuchElementException: An element could not be located on the page using the given search parameters.
For documentation on this error, please visit: https://www.seleniumhq.org/exceptions/no_such_element.html
Build info: version: '3.141.59', revision: 'e82be7d358', time: '2018-11-14T08:17:03'
System info: host: 'Sirishas-MacBook-Air.local', ip: 'fe80:0:0:0:c07:9c:6a92:2687%en0', os.name: 'Mac OS X', os.arch: 'x86_64', os.version: '10.14.5', java.version: '1.8.0_211'
Driver info: io.appium.java_client.android.AndroidDriver
Capabilities {appActivity: com.yellowlineparking.appyp..., appPackage: com.yellowlineparking.appyp..., autoAcceptAlerts: true, autoDismissAlerts: true, databaseEnabled: false, desired: {appActivity: com.yellowlineparking.appyp..., appPackage: com.yellowlineparking.appyp..., autoAcceptAlerts: true, autoDismissAlerts: true, deviceName: OnePlus 5T, platformName: android, platformVersion: 9, udid: b8941cc4}, deviceManufacturer: OnePlus, deviceModel: ONEPLUS A5010, deviceName: b8941cc4, deviceScreenSize: 1080x2160, deviceUDID: b8941cc4, javascriptEnabled: true, locationContextEnabled: false, networkConnectionEnabled: true, platform: LINUX, platformName: Android, platformVersion: 9, takesScreenshot: true, udid: b8941cc4, warnings: {}, webStorageEnabled: false}
Session ID: f9385085-c6a8-41a8-80cf-97668028401a
*** Element info: {Using=id, value=com.yellowlineparking.appyparking:id/reg_no_et}
at org.openqa.selenium.remote.http.W3CHttpResponseCodec.createException(W3CHttpResponseCodec.java:187)
at org.openqa.selenium.remote.http.W3CHttpResponseCodec.decode(W3CHttpResponseCodec.java:122)
at org.openqa.selenium.remote.http.W3CHttpResponseCodec.decode(W3CHttpResponseCodec.java:49)
at org.openqa.selenium.remote.HttpCommandExecutor.execute(HttpCommandExecutor.java:158)
at io.appium.java_client.remote.AppiumCommandExecutor.execute(AppiumCommandExecutor.java:239)
at org.openqa.selenium.remote.RemoteWebDriver.execute(RemoteWebDriver.java:552)
at io.appium.java_client.DefaultGenericMobileDriver.execute(DefaultGenericMobileDriver.java:42)
at io.appium.java_client.AppiumDriver.execute(AppiumDriver.java:1)
at io.appium.java_client.android.AndroidDriver.execute(AndroidDriver.java:1)
at org.openqa.selenium.remote.RemoteWebDriver.findElement(RemoteWebDriver.java:323)
at io.appium.java_client.DefaultGenericMobileDriver.findElement(DefaultGenericMobileDriver.java:62)
at io.appium.java_client.AppiumDriver.findElement(AppiumDriver.java:1)
at io.appium.java_client.android.AndroidDriver.findElement(AndroidDriver.java:1)
at org.openqa.selenium.remote.RemoteWebDriver.findElementById(RemoteWebDriver.java:372)
at io.appium.java_client.DefaultGenericMobileDriver.findElementById(DefaultGenericMobileDriver.java:70)
at io.appium.java_client.AppiumDriver.findElementById(AppiumDriver.java:1)
at io.appium.java_client.android.AndroidDriver.findElementById(AndroidDriver.java:1)
at org.openqa.selenium.By$ById.findElement(By.java:188)
at org.openqa.selenium.remote.RemoteWebDriver.findElement(RemoteWebDriver.java:315)
at io.appium.java_client.DefaultGenericMobileDriver.findElement(DefaultGenericMobileDriver.java:58)
at io.appium.java_client.AppiumDriver.findElement(AppiumDriver.java:1)
at io.appium.java_client.android.AndroidDriver.findElement(AndroidDriver.java:1)
at com.qa.appyParking.pages.HomePage.selectCheapest(HomePage.java:110)
at com.qa.appyParking.tests.HomePageTest.selectCheapCarPark(HomePageTest.java:88)
... Removed 29 stack frames]]>
    </failure>
  </testcase> <!-- selectCheapCarPark -->
</testsuite> <!-- E2E_AlreadyRegistered_User_Test -->
