<?xml version="1.0" encoding="UTF-8"?>
<!-- Generated by org.testng.reporters.JUnitXMLReporter -->
<testsuite hostname="Sirishas-MacBook-Air.local" ignored="0" name="E2E_Register_NoThanks_Flow" tests="2" failures="0" timestamp="11 Jun 2019 15:54:57 GMT" time="61.78" errors="0">
  <testcase name="searchLocationTest" time="13.884" classname="com.qa.appyParking.tests.HomePageTest"/>
  <testcase name="viewParkingRulesTest" time="24.471" classname="com.qa.appyParking.tests.HomePageTest"/>
</testsuite> <!-- E2E_Register_NoThanks_Flow -->
