<?xml version="1.0" encoding="UTF-8"?>
<!-- Generated by org.testng.reporters.JUnitXMLReporter -->
<testsuite hostname="Sirishas-MacBook-Air.local" ignored="5" name="End_to_End_Testing_Flows" tests="1" failures="0" timestamp="10 Jun 2019 14:23:21 GMT" time="30.397" errors="0">
  <testcase name="HassleFreeNoThanksTest" time="1.791" classname="com.qa.appyParking.tests.HassleFreeParkingPageTest"/>
  <testcase name="HassleFreeSkipTest" time="0.0" classname="com.qa.appyParking.tests.HassleFreeParkingPageTest">
    <ignored/>
  </testcase> <!-- HassleFreeSkipTest -->
  <testcase name="verifyHassleFreeImageTest" time="0.0" classname="com.qa.appyParking.tests.HassleFreeParkingPageTest">
    <ignored/>
  </testcase> <!-- verifyHassleFreeImageTest -->
  <testcase name="validateHassleFreeBodyTest" time="0.0" classname="com.qa.appyParking.tests.HassleFreeParkingPageTest">
    <ignored/>
  </testcase> <!-- validateHassleFreeBodyTest -->
  <testcase name="HassleFreeSignMeUpTest" time="0.0" classname="com.qa.appyParking.tests.HassleFreeParkingPageTest">
    <ignored/>
  </testcase> <!-- HassleFreeSignMeUpTest -->
  <testcase name="validateHassleFreeHeaderTest" time="0.0" classname="com.qa.appyParking.tests.HassleFreeParkingPageTest">
    <ignored/>
  </testcase> <!-- validateHassleFreeHeaderTest -->
</testsuite> <!-- End_to_End_Testing_Flows -->
